<?xml version="1.0" encoding="UTF-8"?>
<testsuite xmlns:xsi="http://www.w3.org/2001/XMLSchema-instance" xsi:noNamespaceSchemaLocation="https://maven.apache.org/surefire/maven-surefire-plugin/xsd/surefire-test-report.xsd" name="com.wyj.springcloud.AppTest" time="0.031" tests="1" errors="0" skipped="0" failures="0">
  <properties>
    <property name="sun.desktop" value="windows"/>
    <property name="awt.toolkit" value="sun.awt.windows.WToolkit"/>
    <property name="file.encoding.pkg" value="sun.io"/>
    <property name="java.specification.version" value="1.8"/>
    <property name="sun.cpu.isalist" value="amd64"/>
    <property name="sun.jnu.encoding" value="GBK"/>
    <property name="java.class.path" value="E:\springCloud_project\microservicecloud\microservicecloud-consumer-dept-80\target\test-classes;E:\springCloud_project\microservicecloud\microservicecloud-consumer-dept-80\target\classes;E:\maven-repostitory\junit\junit\4.11\junit-4.11.jar;E:\maven-repostitory\org\hamcrest\hamcrest-core\1.3\hamcrest-core-1.3.jar;"/>
    <property name="java.vm.vendor" value="Oracle Corporation"/>
    <property name="sun.arch.data.model" value="64"/>
    <property name="user.variant" value=""/>
    <property name="java.vendor.url" value="http://java.oracle.com/"/>
    <property name="user.timezone" value="Asia/Shanghai"/>
    <property name="java.vm.specification.version" value="1.8"/>
    <property name="os.name" value="Windows 10"/>
    <property name="user.country" value="CN"/>
    <property name="sun.java.launcher" value="SUN_STANDARD"/>
    <property name="sun.boot.library.path" value="C:\Program Files\Java\jdk1.8.0_171\jre\bin"/>
    <property name="sun.java.command" value="C:\Users\wyj\AppData\Local\Temp\surefire7840283908937838483\surefirebooter2474683641516934517.jar C:\Users\wyj\AppData\Local\Temp\surefire7840283908937838483 2019-08-15T14-47-00_035-jvmRun1 surefire4674874006188918627tmp surefire_06229428570338212403tmp"/>
    <property name="surefire.test.class.path" value="E:\springCloud_project\microservicecloud\microservicecloud-consumer-dept-80\target\test-classes;E:\springCloud_project\microservicecloud\microservicecloud-consumer-dept-80\target\classes;E:\maven-repostitory\junit\junit\4.11\junit-4.11.jar;E:\maven-repostitory\org\hamcrest\hamcrest-core\1.3\hamcrest-core-1.3.jar;"/>
    <property name="sun.cpu.endian" value="little"/>
    <property name="user.home" value="C:\Users\wyj"/>
    <property name="user.language" value="zh"/>
    <property name="java.specification.vendor" value="Oracle Corporation"/>
    <property name="java.home" value="C:\Program Files\Java\jdk1.8.0_171\jre"/>
    <property name="basedir" value="E:\springCloud_project\microservicecloud\microservicecloud-consumer-dept-80"/>
    <property name="file.separator" value="\"/>
    <property name="line.separator" value="&#10;"/>
    <property name="java.vm.specification.vendor" value="Oracle Corporation"/>
    <property name="java.specification.name" value="Java Platform API Specification"/>
    <property name="java.awt.graphicsenv" value="sun.awt.Win32GraphicsEnvironment"/>
    <property name="surefire.real.class.path" value="C:\Users\wyj\AppData\Local\Temp\surefire7840283908937838483\surefirebooter2474683641516934517.jar"/>
    <property name="sun.boot.class.path" value="C:\Program Files\Java\jdk1.8.0_171\jre\lib\resources.jar;C:\Program Files\Java\jdk1.8.0_171\jre\lib\rt.jar;C:\Program Files\Java\jdk1.8.0_171\jre\lib\sunrsasign.jar;C:\Program Files\Java\jdk1.8.0_171\jre\lib\jsse.jar;C:\Program Files\Java\jdk1.8.0_171\jre\lib\jce.jar;C:\Program Files\Java\jdk1.8.0_171\jre\lib\charsets.jar;C:\Program Files\Java\jdk1.8.0_171\jre\lib\jfr.jar;C:\Program Files\Java\jdk1.8.0_171\jre\classes"/>
    <property name="user.script" value=""/>
    <property name="sun.management.compiler" value="HotSpot 64-Bit Tiered Compilers"/>
    <property name="java.runtime.version" value="1.8.0_171-b11"/>
    <property name="user.name" value="wyj"/>
    <property name="path.separator" value=";"/>
    <property name="os.version" value="10.0"/>
    <property name="java.endorsed.dirs" value="C:\Program Files\Java\jdk1.8.0_171\jre\lib\endorsed"/>
    <property name="java.runtime.name" value="Java(TM) SE Runtime Environment"/>
    <property name="file.encoding" value="GBK"/>
    <property name="java.vm.name" value="Java HotSpot(TM) 64-Bit Server VM"/>
    <property name="localRepository" value="E:\maven-repostitory"/>
    <property name="java.vendor.url.bug" value="http://bugreport.sun.com/bugreport/"/>
    <property name="java.io.tmpdir" value="C:\Users\wyj\AppData\Local\Temp\"/>
    <property name="idea.version" value="2018.3.5"/>
    <property name="java.version" value="1.8.0_171"/>
    <property name="user.dir" value="E:\springCloud_project\microservicecloud\microservicecloud-consumer-dept-80"/>
    <property name="os.arch" value="amd64"/>
    <property name="java.vm.specification.name" value="Java Virtual Machine Specification"/>
    <property name="java.awt.printerjob" value="sun.awt.windows.WPrinterJob"/>
    <property name="sun.os.patch.level" value=""/>
    <property name="java.library.path" value="C:\Program Files\Java\jdk1.8.0_171\jre\bin;C:\WINDOWS\Sun\Java\bin;C:\WINDOWS\system32;C:\WINDOWS;C:\Program Files (x86)\Common Files\Oracle\Java\javapath;C:\WINDOWS\system32;C:\WINDOWS;C:\WINDOWS\System32\Wbem;C:\WINDOWS\System32\WindowsPowerShell\v1.0\;C:\WINDOWS\System32\OpenSSH\;&quot;C:\Program Files\Java\jdk1.8.0_171\bin;C:\Program Files\Java\jdk1.8.0_171\jre\bin&quot;;D:\platform-tools;C:\Users\wyj\AppData\Local\Android\Sdk\build-tools\28.0.1;D:\gradle-4.10\bin;D:\apache-maven-3.6.0\bin;C:\Users\wyj\AppData\Local\Microsoft\WindowsApps;D:\gradle-4.10\bin;;D:\JetBrains\IntelliJ IDEA 2018.3.5\bin;;D:\WebStorm 2019.1\bin;;D:\JetBrains\PhpStorm 2018.3.6\bin;;."/>
    <property name="java.vm.info" value="mixed mode"/>
    <property name="java.vendor" value="Oracle Corporation"/>
    <property name="java.vm.version" value="25.171-b11"/>
    <property name="java.ext.dirs" value="C:\Program Files\Java\jdk1.8.0_171\jre\lib\ext;C:\WINDOWS\Sun\Java\lib\ext"/>
    <property name="sun.io.unicode.encoding" value="UnicodeLittle"/>
    <property name="maven.repo.local" value="E:\maven-repostitory"/>
    <property name="java.class.version" value="52.0"/>
  </properties>
  <testcase name="shouldAnswerWithTrue" classname="com.wyj.springcloud.AppTest" time="0.015"/>
</testsuite>